<?xml version="1.0" encoding="UTF-8"?>
<!-- Generated by org.testng.reporters.JUnitReportReporter -->
<testsuite skipped="0" hostname="AtoA-PC" name="com.adactinhotel.TestClass" tests="2" failures="0" timestamp="11 Jan 2021 16:13:20 GMT" time="7.081" errors="0">
  <testcase name="testLogin" time="4.180" classname="com.adactinhotel.TestClass"/>
  <testcase name="testSearchHotel" time="2.901" classname="com.adactinhotel.TestClass"/>
</testsuite> <!-- com.adactinhotel.TestClass -->
